<?xml version="1.0" ?>
<coverage version="7.3.2" timestamp="1701277499235" lines-valid="9" lines-covered="5" line-rate="0.5556" branches-covered="0" branches-valid="0" branch-rate="0" complexity="0">
	<!-- Generated by coverage.py: https://coverage.readthedocs.io/en/7.3.2 -->
	<!-- Based on https://raw.githubusercontent.com/cobertura/web/master/htdocs/xml/coverage-04.dtd -->
	<sources>
		<source>/Users/jerryfeng/dev/codecov/LocalDev</source>
	</sources>
	<packages>
		<package name="app.integrator" line-rate="0.5556" branch-rate="0" complexity="0">
			<classes>
				<class name="__init__.py" filename="app/integrator/__init__.py" complexity="0" line-rate="1" branch-rate="0">
					<methods/>
					<lines/>
				</class>
				<class name="banker.py" filename="app/integrator/banker.py" complexity="0" line-rate="0.5556" branch-rate="0">
					<methods/>
					<lines>
						<line number="3" hits="1"/>
						<line number="4" hits="1"/>
						<line number="5" hits="0"/>
						<line number="7" hits="1"/>
						<line number="8" hits="0"/>
						<line number="10" hits="1"/>
						<line number="11" hits="0"/>
						<line number="13" hits="1"/>
						<line number="14" hits="0"/>
					</lines>
				</class>
			</classes>
		</package>
	</packages>
</coverage>
